<?xml version="1.0" encoding="UTF-8"?>
<!-- Generated by org.testng.reporters.JUnitReportReporter -->
<testsuite skipped="0" hostname="DESKTOP-JIT18G6" name="Table.Test_class" tests="1" failures="0" timestamp="15 Jun 2018 17:14:09 GMT" time="0.870" errors="0">
  <testcase name="testIt2" time="0.870" classname="Table.Test_class"/>
</testsuite> <!-- Table.Test_class -->
