<?xml version="1.0" encoding="UTF-8"?>
<!-- Generated by org.testng.reporters.JUnitReportReporter -->
<testsuite skipped="0" hostname="DESKTOP-JIT18G6" name="TC_4_GET_INDEX" tests="1" failures="0" timestamp="14 Feb 2018 05:14:01 GMT" time="5.954" errors="0">
  <testcase name="test" time="5.954" classname="TC_4_GET_INDEX"/>
</testsuite> <!-- TC_4_GET_INDEX -->
