<?xml version="1.0" encoding="UTF-8"?>
<!-- Generated by org.testng.reporters.JUnitReportReporter -->
<testsuite skipped="0" hostname="DESKTOP-JIT18G6" name="TC_5_GET_SUM" tests="1" failures="0" timestamp="14 Feb 2018 06:00:17 GMT" time="6.331" errors="0">
  <testcase name="test" time="6.331" classname="TC_5_GET_SUM"/>
</testsuite> <!-- TC_5_GET_SUM -->
