<?xml version="1.0" encoding="UTF-8"?>
<!-- Generated by org.testng.reporters.JUnitReportReporter -->
<testsuite skipped="0" hostname="DESKTOP-JIT18G6" name="Table.Finra" tests="1" failures="0" timestamp="16 Jun 2018 03:06:04 GMT" time="0.407" errors="0">
  <testcase name="Finra" time="0.407" classname="Table.Finra"/>
</testsuite> <!-- Table.Finra -->
