<?xml version="1.0" encoding="UTF-8"?>
<!-- Generated by org.testng.reporters.JUnitReportReporter -->
<testsuite skipped="0" hostname="DESKTOP-JIT18G6" name="Table.IFrame" tests="1" failures="0" timestamp="19 Jun 2018 01:18:05 GMT" time="0.142" errors="0">
  <testcase name="test" time="0.142" classname="Table.IFrame"/>
</testsuite> <!-- Table.IFrame -->
