<?xml version="1.0" encoding="UTF-8"?>
<!-- Generated by org.testng.reporters.JUnitReportReporter -->
<testsuite skipped="0" hostname="DESKTOP-JIT18G6" name="Table.FOR_TEST" tests="1" failures="0" timestamp="24 May 2018 03:36:16 GMT" time="0.123" errors="0">
  <testcase name="test" time="0.123" classname="Table.FOR_TEST"/>
</testsuite> <!-- Table.FOR_TEST -->
