<?xml version="1.0" encoding="UTF-8"?>
<!-- Generated by org.testng.reporters.JUnitReportReporter -->
<testsuite skipped="0" hostname="DESKTOP-JIT18G6" name="Table.AmazonSearch" tests="1" failures="0" timestamp="11 Jun 2018 23:42:53 GMT" time="8.507" errors="0">
  <testcase name="searchTest" time="8.507" classname="Table.AmazonSearch"/>
</testsuite> <!-- Table.AmazonSearch -->
