<?xml version="1.0" encoding="UTF-8"?>
<!-- Generated by org.testng.reporters.JUnitReportReporter -->
<testsuite skipped="0" hostname="DESKTOP-JIT18G6" name="Table.Wikipedia" tests="1" failures="0" timestamp="02 Jun 2018 04:21:20 GMT" time="2.313" errors="0">
  <testcase name="Test" time="2.313" classname="Table.Wikipedia"/>
</testsuite> <!-- Table.Wikipedia -->
