<?xml version="1.0" encoding="UTF-8"?>
<!-- Generated by org.testng.reporters.JUnitReportReporter -->
<testsuite skipped="0" hostname="DESKTOP-JIT18G6" name="Table.Select_Test" tests="1" failures="0" timestamp="16 Jun 2018 22:16:23 GMT" time="0.482" errors="0">
  <testcase name="test" time="0.482" classname="Table.Select_Test"/>
</testsuite> <!-- Table.Select_Test -->
