<?xml version="1.0" encoding="UTF-8"?>
<!-- Generated by org.testng.reporters.JUnitReportReporter -->
<testsuite skipped="0" hostname="DESKTOP-JIT18G6" name="Table.PracticeClass" tests="1" failures="0" timestamp="12 Jun 2018 17:19:19 GMT" time="4.283" errors="0">
  <testcase name="TestPr" time="4.283" classname="Table.PracticeClass"/>
</testsuite> <!-- Table.PracticeClass -->
