<?xml version="1.0" encoding="UTF-8"?>
<!-- Generated by org.testng.reporters.JUnitReportReporter -->
<testsuite skipped="0" hostname="DESKTOP-JIT18G6" name="Table.AllTextOnPage" tests="1" failures="0" timestamp="13 Jun 2018 23:18:57 GMT" time="0.328" errors="0">
  <testcase name="searchTest" time="0.328" classname="Table.AllTextOnPage"/>
</testsuite> <!-- Table.AllTextOnPage -->
