<?xml version="1.0" encoding="UTF-8"?>
<!-- Generated by org.testng.reporters.JUnitReportReporter -->
<testsuite skipped="0" hostname="DESKTOP-JIT18G6" name="crossBrowsers.Parallel_Executing" tests="3" failures="0" timestamp="17 May 2018 15:35:02 GMT" time="25.576" errors="0">
  <testcase name="verufyTitle" time="9.264" classname="crossBrowsers.Parallel_Executing"/>
  <testcase name="verufyTitle" time="13.668" classname="crossBrowsers.Parallel_Executing"/>
  <testcase name="verufyTitle" time="2.644" classname="crossBrowsers.Parallel_Executing"/>
</testsuite> <!-- crossBrowsers.Parallel_Executing -->
