<?xml version="1.0" encoding="UTF-8"?>
<!-- Generated by org.testng.reporters.JUnitReportReporter -->
<testsuite skipped="0" hostname="DESKTOP-JIT18G6" name="TC_2_MostMostMost" tests="1" failures="0" timestamp="14 Feb 2018 03:02:04 GMT" time="6.680" errors="0">
  <testcase name="test" time="6.680" classname="TC_2_MostMostMost"/>
</testsuite> <!-- TC_2_MostMostMost -->
